<?xml version="1.0" encoding="UTF-8" ?>
<testsuite errors="0" failures="0" hostname="Z115" name="test.hk.ust.cse.TwitterClient.Views.NumberBarTest" tests="1" time="0.8" timestamp="2013-02-28T01:46:12">
  <properties>
    <property name="java.vendor" value="Oracle Corporation" />
    <property name="target-jar" value="hk.ust.cse.TwitterClient.jar" />
    <property name="sun.java.launcher" value="SUN_STANDARD" />
    <property name="sun.management.compiler" value="HotSpot 64-Bit Tiered Compilers" />
    <property name="os.name" value="Windows 8" />
    <property name="sun.boot.class.path" value="C:\Program Files\Java\jdk1.7.0_13\jre\lib\resources.jar;C:\Program Files\Java\jdk1.7.0_13\jre\lib\rt.jar;C:\Program Files\Java\jdk1.7.0_13\jre\lib\sunrsasign.jar;C:\Program Files\Java\jdk1.7.0_13\jre\lib\jsse.jar;C:\Program Files\Java\jdk1.7.0_13\jre\lib\jce.jar;C:\Program Files\Java\jdk1.7.0_13\jre\lib\charsets.jar;C:\Program Files\Java\jdk1.7.0_13\jre\lib\jfr.jar;C:\Program Files\Java\jdk1.7.0_13\jre\classes" />
    <property name="sun.desktop" value="windows" />
    <property name="java.vm.specification.vendor" value="Oracle Corporation" />
    <property name="net.sourceforge.cobertura.datafile" value="c:\Users\VAIO\workspace\TwitterClient\report\instrumented\cobertura.ser" />
    <property name="ant.home" value="C:\Program Files\apache-ant-1.8.4" />
    <property name="java.runtime.version" value="1.7.0_13-b20" />
    <property name="cobertura-dir" value="c:\Users\VAIO\workspace\TwitterClient\report\cobertura" />
    <property name="cobertura-html-dir" value="c:\Users\VAIO\workspace\TwitterClient\report\cobertura\html" />
    <property name="user.name" value="VAIO" />
    <property name="user.language" value="zh" />
    <property name="sun.boot.library.path" value="C:\Program Files\Java\jdk1.7.0_13\jre\bin" />
    <property name="ant.project.default-target" value="all" />
    <property name="java.version" value="1.7.0_13" />
    <property name="user.timezone" value="" />
    <property name="sun.arch.data.model" value="64" />
    <property name="java.endorsed.dirs" value="C:\Program Files\Java\jdk1.7.0_13\jre\lib\endorsed" />
    <property name="sun.cpu.isalist" value="amd64" />
    <property name="sun.jnu.encoding" value="MS950_HKSCS" />
    <property name="file.encoding.pkg" value="sun.io" />
    <property name="file.separator" value="\" />
    <property name="java.specification.name" value="Java Platform API Specification" />
    <property name="java.class.version" value="51.0" />
    <property name="user.country" value="HK" />
    <property name="java.home" value="C:\Program Files\Java\jdk1.7.0_13\jre" />
    <property name="java.vm.info" value="mixed mode" />
    <property name="ant.file" value="c:\Users\VAIO\workspace\TwitterClient\build.xml" />
    <property name="os.version" value="6.2" />
    <property name="report-dir" value="c:\Users\VAIO\workspace\TwitterClient\report" />
    <property name="path.separator" value=";" />
    <property name="java.vm.version" value="23.7-b01" />
    <property name="user.variant" value="" />
    <property name="ant.library.dir" value="C:\Program Files\apache-ant-1.8.4\lib" />
    <property name="java.awt.printerjob" value="sun.awt.windows.WPrinterJob" />
    <property name="sun.io.unicode.encoding" value="UnicodeLittle" />
    <property name="awt.toolkit" value="sun.awt.windows.WToolkit" />
    <property name="user.script" value="" />
    <property name="user.home" value="C:\Users\VAIO" />
    <property name="test-dir" value="c:\Users\VAIO\workspace\TwitterClient\test" />
    <property name="junit-dir" value="c:\Users\VAIO\workspace\TwitterClient\report\junit" />
    <property name="java.specification.vendor" value="Oracle Corporation" />
    <property name="java.library.path" value="C:\Program Files\Java\jdk1.7.0_13\jre\bin;C:\WINDOWS\Sun\Java\bin;C:\WINDOWS\system32;C:\WINDOWS;C:\WINDOWS\SYSTEM32;C:\WINDOWS;C:\WINDOWS\SYSTEM32\WBEM;C:\WINDOWS\SYSTEM32\WINDOWSPOWERSHELL\V1.0\;;C:\PROGRAM FILES\INTEL\WIFI\BIN\;C:\PROGRAM FILES\COMMON FILES\INTEL\WIRELESSCOMMON\;C:\WINDOWS\system32;C:\WINDOWS;C:\WINDOWS\System32\Wbem;C:\WINDOWS\System32\WindowsPowerShell\v1.0\;C:\Program Files\Microsoft SQL Server\110\Tools\Binn\;C:\Program Files\apache-ant-1.8.4\bin\;." />
    <property name="java.vendor.url" value="http://java.oracle.com/" />
    <property name="swt.library" value="swt-4.2.1-win32-win32-x86_64.jar" />
    <property name="java.vm.vendor" value="Oracle Corporation" />
    <property name="cobertura-xml-dir" value="c:\Users\VAIO\workspace\TwitterClient\report\cobertura\xml" />
    <property name="java.runtime.name" value="Java(TM) SE Runtime Environment" />
    <property name="sun.java.command" value="org.apache.tools.ant.taskdefs.optional.junit.JUnitTestRunner test.hk.ust.cse.TwitterClient.Views.NumberBarTest filtertrace=true haltOnError=false haltOnFailure=false formatter=org.apache.tools.ant.taskdefs.optional.junit.SummaryJUnitResultFormatter showoutput=false outputtoformatters=true logfailedtests=true logtestlistenerevents=false formatter=org.apache.tools.ant.taskdefs.optional.junit.XMLJUnitResultFormatter,c:\Users\VAIO\workspace\TwitterClient\report\junit\xml\TEST-test.hk.ust.cse.TwitterClient.Views.NumberBarTest.xml crashfile=c:\Users\VAIO\workspace\TwitterClient\junitvmwatcher3727938900076919400.properties propsfile=c:\Users\VAIO\workspace\TwitterClient\junit9131023338756358248.properties" />
    <property name="java.class.path" value="c:\Users\VAIO\workspace\TwitterClient\report\instrumented;c:\Users\VAIO\workspace\TwitterClient\bin;c:\Users\VAIO\workspace\TwitterClient\lib\com.ibm.icu_4.4.2.v20110823.jar;c:\Users\VAIO\workspace\TwitterClient\lib\junit-4.4.jar;c:\Users\VAIO\workspace\TwitterClient\lib\org.eclipse.core.commands_3.6.1.v20120814-150512.jar;c:\Users\VAIO\workspace\TwitterClient\lib\org.eclipse.core.runtime_3.8.0.v20120521-2346.jar;c:\Users\VAIO\workspace\TwitterClient\lib\org.eclipse.equinox.common_3.6.100.v20120522-1841.jar;c:\Users\VAIO\workspace\TwitterClient\lib\org.eclipse.equinox.registry_3.5.200.v20120522-1841.jar;c:\Users\VAIO\workspace\TwitterClient\lib\org.eclipse.jface.text_3.8.1.v20120828-155502.jar;c:\Users\VAIO\workspace\TwitterClient\lib\org.eclipse.jface_3.8.101.v20120817-083647.jar;c:\Users\VAIO\workspace\TwitterClient\lib\org.eclipse.osgi_3.8.1.v20120830-144521.jar;c:\Users\VAIO\workspace\TwitterClient\lib\org.eclipse.text_3.5.200.v20120523-1310.jar;c:\Users\VAIO\workspace\TwitterClient\lib\org.eclipse.ui.forms_3.5.200.v20120705-114351.jar;c:\Users\VAIO\workspace\TwitterClient\lib\org.eclipse.ui.workbench_3.103.1.v20120906-120042.jar;c:\Users\VAIO\workspace\TwitterClient\lib\twitter4j-async-3.0.3.jar;c:\Users\VAIO\workspace\TwitterClient\lib\twitter4j-core-3.0.3.jar;c:\Users\VAIO\workspace\TwitterClient\lib\swt-4.2.1-win32-win32-x86_64.jar;c:\Users\VAIO\workspace\TwitterClient\lib-test\asm-3.0.jar;c:\Users\VAIO\workspace\TwitterClient\lib-test\asm-tree-3.0.jar;c:\Users\VAIO\workspace\TwitterClient\lib-test\cobertura.jar;c:\Users\VAIO\workspace\TwitterClient\lib-test\jakarta-oro-2.0.8.jar;c:\Users\VAIO\workspace\TwitterClient\lib-test\junit-4.4.jar;c:\Users\VAIO\workspace\TwitterClient\lib-test\log4j-1.2.9.jar;C:\Program Files\apache-ant-1.8.4\lib\ant-launcher.jar;C:\Program Files\apache-ant-1.8.4\lib\ant.jar;C:\Program Files\apache-ant-1.8.4\lib\ant-junit.jar;C:\Program Files\apache-ant-1.8.4\lib\ant-junit4.jar" />
    <property name="ant.version" value="Apache Ant(TM) version 1.8.4 compiled on May 22 2012" />
    <property name="junit-html-dir" value="c:\Users\VAIO\workspace\TwitterClient\report\junit\html" />
    <property name="base-dir" value="c:\Users\VAIO\workspace\TwitterClient" />
    <property name="java.vm.specification.name" value="Java Virtual Machine Specification" />
    <property name="ant.file.type" value="file" />
    <property name="java.vm.specification.version" value="1.7" />
    <property name="sun.cpu.endian" value="little" />
    <property name="sun.os.patch.level" value="" />
    <property name="java.io.tmpdir" value="C:\Users\VAIO\AppData\Local\Temp\" />
    <property name="lib-test-dir" value="c:\Users\VAIO\workspace\TwitterClient\lib-test" />
    <property name="java.vendor.url.bug" value="http://bugreport.sun.com/bugreport/" />
    <property name="instrumented-dir" value="c:\Users\VAIO\workspace\TwitterClient\report\instrumented" />
    <property name="os.arch" value="amd64" />
    <property name="java.awt.graphicsenv" value="sun.awt.Win32GraphicsEnvironment" />
    <property name="java.ext.dirs" value="C:\Program Files\Java\jdk1.7.0_13\jre\lib\ext;C:\WINDOWS\Sun\Java\lib\ext" />
    <property name="user.dir" value="c:\Users\VAIO\workspace\TwitterClient" />
    <property name="junit-xml-dir" value="c:\Users\VAIO\workspace\TwitterClient\report\junit\xml" />
    <property name="instrument-file" value="c:\Users\VAIO\workspace\TwitterClient\report\instrumented\cobertura.ser" />
    <property name="line.separator" value="&#xd;&#xa;" />
    <property name="java.vm.name" value="Java HotSpot(TM) 64-Bit Server VM" />
    <property name="basedir" value="c:\Users\VAIO\workspace\TwitterClient" />
    <property name="ant.java.version" value="1.7" />
    <property name="ant.core.lib" value="C:\Program Files\apache-ant-1.8.4\lib\ant.jar" />
    <property name="file.encoding" value="MS950_HKSCS" />
    <property name="XstartOnFirstThread" value="" />
    <property name="src-dir" value="c:\Users\VAIO\workspace\TwitterClient\src" />
    <property name="out-dir" value="c:\Users\VAIO\workspace\TwitterClient\bin" />
    <property name="java.specification.version" value="1.7" />
    <property name="ant.project.invoked-targets" value="coverage" />
    <property name="lib-dir" value="c:\Users\VAIO\workspace\TwitterClient\lib" />
  </properties>
  <testcase classname="test.hk.ust.cse.TwitterClient.Views.NumberBarTest" name="testConstructor" time="0.669" />
  <system-out><![CDATA[]]></system-out>
  <system-err><![CDATA[]]></system-err>
</testsuite>
